<?xml version="1.0" encoding="UTF-8"?>
<!-- Generated by org.testng.reporters.JUnitReportReporter -->
<testsuite hostname="Animeshs-MacBook-Air.local" failures="0" tests="1" name="TestNgDay1.FirstTest" time="0.005" errors="0" timestamp="2023-07-12T14:37:43 IST" skipped="0">
  <testcase classname="TestNgDay1.FirstTest" name="f" time="0.005"/>
</testsuite> <!-- TestNgDay1.FirstTest -->
