<?xml version="1.0" encoding="UTF-8"?>
<!-- Generated by org.testng.reporters.JUnitReportReporter -->
<testsuite hostname="Animeshs-MacBook-Air.local" failures="0" tests="2" name="TestNgDay1.Secondtest" time="0.002" errors="0" timestamp="2023-07-12T14:37:43 IST" skipped="0">
  <testcase classname="TestNgDay1.Secondtest" name="test2" time="0.001"/>
  <testcase classname="TestNgDay1.Secondtest" name="test1" time="0.001"/>
</testsuite> <!-- TestNgDay1.Secondtest -->
